2026-03-03 23:44:04,602 - Detections: 1, Severity: {'Minor': 1, 'Moderate': 0, 'Severe': 0}, ProcessingTime(ms): 3284.45
2026-03-04 18:04:14,816 - ERROR - Prediction error: cannot identify image file <_io.BytesIO object at 0x0000027A860E85E0>
2026-03-04 18:21:47,977 - ERROR - Prediction error: cannot identify image file <_io.BytesIO object at 0x0000020FC387FDD0>
2026-03-04 18:21:53,478 - ERROR - Prediction error: cannot identify image file <_io.BytesIO object at 0x0000020FC387CC20>
2026-03-04 18:25:04,196 - INFO - Detections=1, Severity={'Minor': 1, 'Moderate': 0, 'Severe': 0}, Time=3923.17ms
2026-03-04 18:25:42,763 - ERROR - Prediction error: cannot identify image file <_io.BytesIO object at 0x0000020FC3A17D80>
2026-03-04 18:28:26,785 - ERROR - Prediction error: cannot identify image file <_io.BytesIO object at 0x000002E5C13CCA90>
2026-03-04 18:28:29,186 - ERROR - Prediction error: cannot identify image file <_io.BytesIO object at 0x000002E5C13CCA90>
2026-03-04 20:08:00,036 - ERROR - Prediction error: cannot identify image file <_io.BytesIO object at 0x000001C6AEA7F330>
2026-03-04 20:08:23,956 - INFO - Detections=1, Severity={'Minor': 0, 'Moderate': 1, 'Severe': 0}, Time=3051.48ms
2026-03-04 20:16:10,578 - ERROR - Prediction error: cannot identify image file <_io.BytesIO object at 0x0000023E961ACDB0>
2026-03-04 20:16:14,100 - ERROR - Prediction error: cannot identify image file <_io.BytesIO object at 0x0000023E961ACDB0>
2026-03-04 20:19:19,004 - INFO - Detections=1, Severity={'Minor': 0, 'Moderate': 1, 'Severe': 0}, Time=2494.61ms
2026-03-04 20:19:58,893 - ERROR - Prediction error: cannot identify image file <_io.BytesIO object at 0x0000023E963A6570>
2026-03-04 20:25:33,069 - ERROR - Prediction error: cannot identify image file <_io.BytesIO object at 0x0000019D5AF9CB80>
2026-03-04 20:25:38,152 - ERROR - Prediction error: cannot identify image file <_io.BytesIO object at 0x0000019D5AF9FA10>
2026-03-04 20:41:27,335 - INFO - Detections=1, Severity={'Minor': 1, 'Moderate': 0, 'Severe': 0}, Time=2999.01ms
2026-03-04 20:42:54,437 - INFO - Detections=1, Severity={'Minor': 1, 'Moderate': 0, 'Severe': 0}, Time=2642.25ms
2026-03-04 20:54:19,738 - INFO - Detections=1, Severity={'Minor': 1, 'Moderate': 0, 'Severe': 0}, Time=2639.65ms
2026-03-04 20:54:29,789 - INFO - Detections=1, Severity={'Minor': 1, 'Moderate': 0, 'Severe': 0}, Time=3431.32ms
2026-03-04 20:55:52,359 - INFO - Detections=1, Severity={'Minor': 0, 'Moderate': 1, 'Severe': 0}, Time=2120.35ms
2026-03-04 21:47:30,736 - INFO - Detections=1, Severity={'Minor': 1, 'Moderate': 0, 'Severe': 0}, Time=3536.87ms
2026-03-04 21:49:24,212 - INFO - Detections=2, Severity={'Minor': 0, 'Moderate': 1, 'Severe': 1}, Time=2325.13ms
2026-03-04 21:50:48,258 - INFO - Detections=1, Severity={'Minor': 0, 'Moderate': 0, 'Severe': 1}, Time=2316.3ms
2026-03-04 21:51:30,703 - INFO - Detections=3, Severity={'Minor': 1, 'Moderate': 1, 'Severe': 1}, Time=2680.16ms
2026-03-04 21:52:31,086 - INFO - Detections=2, Severity={'Minor': 0, 'Moderate': 0, 'Severe': 2}, Time=2718.42ms
2026-03-04 21:52:50,970 - INFO - Detections=2, Severity={'Minor': 0, 'Moderate': 0, 'Severe': 2}, Time=2170.34ms
2026-03-04 21:53:47,253 - INFO - Detections=2, Severity={'Minor': 2, 'Moderate': 0, 'Severe': 0}, Time=2291.99ms
2026-03-04 22:07:37,646 - INFO - Detections=1, Severity={'Minor': 0, 'Moderate': 1, 'Severe': 0}, Time=3072.77ms
2026-03-05 15:38:33,584 - INFO - Detections=1, Severity={'Minor': 0, 'Moderate': 0, 'Severe': 1}, Time=3431.16ms
2026-03-05 15:39:17,194 - INFO - Detections=4, Severity={'Minor': 2, 'Moderate': 2, 'Severe': 0}, Time=1677.89ms
2026-03-06 12:27:06,681 - INFO - Detections=4, Severity={'Minor': 2, 'Moderate': 2, 'Severe': 0}, Time=4581.87ms
2026-03-06 12:27:10,116 - INFO - Detections=4, Severity={'Minor': 2, 'Moderate': 2, 'Severe': 0}, Time=3345.48ms
2026-03-06 12:38:13,650 - INFO - Detections=1, Severity={'Minor': 0, 'Moderate': 0, 'Severe': 1}, Time=3087.61ms
2026-03-06 12:45:26,204 - INFO - Detections=4, Severity={'Minor': 2, 'Moderate': 2, 'Severe': 0}, Time=1408.61ms
2026-03-06 12:45:27,821 - INFO - Detections=2, Severity={'Minor': 0, 'Moderate': 2, 'Severe': 0}, Time=1536.38ms
2026-03-06 12:45:29,001 - INFO - Detections=1, Severity={'Minor': 0, 'Moderate': 1, 'Severe': 0}, Time=1140.02ms
2026-03-06 12:45:30,255 - INFO - Detections=2, Severity={'Minor': 0, 'Moderate': 1, 'Severe': 1}, Time=1163.59ms
2026-03-06 12:45:31,409 - INFO - Detections=2, Severity={'Minor': 0, 'Moderate': 1, 'Severe': 1}, Time=1055.1ms
2026-03-06 12:47:06,708 - INFO - Detections=4, Severity={'Minor': 2, 'Moderate': 2, 'Severe': 0}, Time=2643.47ms
2026-03-06 12:47:10,528 - INFO - Detections=2, Severity={'Minor': 0, 'Moderate': 2, 'Severe': 0}, Time=3751.09ms
2026-03-06 12:47:13,678 - INFO - Detections=4, Severity={'Minor': 2, 'Moderate': 2, 'Severe': 0}, Time=3034.61ms
2026-03-06 12:47:16,597 - INFO - Detections=1, Severity={'Minor': 0, 'Moderate': 1, 'Severe': 0}, Time=2699.81ms
2026-03-06 12:47:20,801 - INFO - Detections=2, Severity={'Minor': 0, 'Moderate': 2, 'Severe': 0}, Time=4135.78ms
2026-03-06 12:47:23,645 - INFO - Detections=2, Severity={'Minor': 0, 'Moderate': 1, 'Severe': 1}, Time=2786.39ms
2026-03-06 12:47:26,764 - INFO - Detections=1, Severity={'Minor': 0, 'Moderate': 1, 'Severe': 0}, Time=2932.62ms
2026-03-06 12:47:30,312 - INFO - Detections=2, Severity={'Minor': 0, 'Moderate': 1, 'Severe': 1}, Time=3484.24ms
2026-03-06 12:47:33,681 - INFO - Detections=2, Severity={'Minor': 0, 'Moderate': 1, 'Severe': 1}, Time=3038.55ms
2026-03-06 12:47:36,394 - INFO - Detections=2, Severity={'Minor': 0, 'Moderate': 1, 'Severe': 1}, Time=2546.8ms
2026-03-06 12:51:38,725 - INFO - Detections=1, Severity={'Minor': 0, 'Moderate': 1, 'Severe': 0}, Time=1358.81ms
2026-03-06 12:51:40,207 - INFO - Detections=3, Severity={'Minor': 0, 'Moderate': 3, 'Severe': 0}, Time=1310.89ms
2026-03-06 12:51:42,000 - INFO - Detections=2, Severity={'Minor': 0, 'Moderate': 1, 'Severe': 1}, Time=1652.7ms
2026-03-06 12:51:43,841 - INFO - Detections=4, Severity={'Minor': 3, 'Moderate': 0, 'Severe': 1}, Time=1767.34ms
